Arguments: 
  /Users/tranvan/.nvm/versions/node/v18.20.4/bin/node /opt/homebrew/bin/yarn add @aws-cdk/client-dynamodb axios

PATH: 
  /usr/local/bin:/Users/tranvan/.nvm/versions/node/v18.20.4/bin:/Users/tranvan/.nvm/versions/node/v18.20.4/bin:/usr/local/bin:/usr/local/sbin:/Users/tranvan/.nvm/versions/node/v18.20.4/bin:/opt/homebrew/opt/node@14/bin:/Applications/SnowSQL.app/Contents/MacOS:/opt/homebrew/bin:/opt/homebrew/sbin:/usr/local/bin:/System/Cryptexes/App/usr/bin:/usr/bin:/bin:/usr/sbin:/sbin:/Users/tranvan/Projects/weather-reporting-app/node_modules/.bin

Yarn version: 
  1.22.17

Node version: 
  18.20.4

Platform: 
  darwin arm64

Trace: 
  Error: https://registry.yarnpkg.com/@aws-cdk%2fclient-dynamodb: Not found
      at params.callback [as _callback] (/opt/homebrew/lib/node_modules/yarn/lib/cli.js:67029:18)
      at self.callback (/opt/homebrew/lib/node_modules/yarn/lib/cli.js:140883:22)
      at Request.emit (node:events:517:28)
      at Request.<anonymous> (/opt/homebrew/lib/node_modules/yarn/lib/cli.js:141855:10)
      at Request.emit (node:events:517:28)
      at IncomingMessage.<anonymous> (/opt/homebrew/lib/node_modules/yarn/lib/cli.js:141777:12)
      at Object.onceWrapper (node:events:631:28)
      at IncomingMessage.emit (node:events:529:35)
      at endReadableNT (node:internal/streams/readable:1400:12)
      at process.processTicksAndRejections (node:internal/process/task_queues:82:21)

npm manifest: 
  {
    "name": "weather-reporting-app",
    "version": "0.1.0",
    "bin": {
      "weather-reporting-app": "bin/weather-reporting-app.js"
    },
    "scripts": {
      "build": "tsc",
      "watch": "tsc -w",
      "test": "jest",
      "cdk": "cdk"
    },
    "devDependencies": {
      "@types/jest": "^29.5.12",
      "@types/node": "20.14.9",
      "jest": "^29.7.0",
      "ts-jest": "^29.1.5",
      "aws-cdk": "2.151.0",
      "ts-node": "^10.9.2",
      "typescript": "~5.5.3"
    },
    "dependencies": {
      "aws-cdk-lib": "2.151.0",
      "constructs": "^10.0.0",
      "source-map-support": "^0.5.21"
    }
  }

yarn manifest: 
  No manifest

Lockfile: 
  No lockfile
